<?xml version="1.0" encoding="UTF-8"?>
<testsuite xmlns:xsi="http://www.w3.org/2001/XMLSchema-instance" xsi:noNamespaceSchemaLocation="https://maven.apache.org/surefire/maven-surefire-plugin/xsd/surefire-test-report.xsd" version="3.0.2" name="org.iu.quiz.GreetingResourceTest" time="3.957" tests="1" errors="1" skipped="0" failures="0">
  <properties>
    <property name="java.specification.version" value="21"/>
    <property name="sun.jnu.encoding" value="UTF-8"/>
    <property name="io.quarkus.security.http.test-if-basic-auth-implicitly-required" value="true"/>
    <property name="java.class.path" value="/Users/alializadeh/repository/quiz-app/quizz-app-be/target/test-classes:/Users/alializadeh/repository/quiz-app/quizz-app-be/target/classes:/Users/alializadeh/.m2/repository/io/quarkus/quarkus-rest/3.17.2/quarkus-rest-3.17.2.jar:/Users/alializadeh/.m2/repository/io/quarkus/quarkus-rest-common/3.17.2/quarkus-rest-common-3.17.2.jar:/Users/alializadeh/.m2/repository/io/quarkus/resteasy/reactive/resteasy-reactive-common/3.17.2/resteasy-reactive-common-3.17.2.jar:/Users/alializadeh/.m2/repository/io/quarkus/resteasy/reactive/resteasy-reactive-common-types/3.17.2/resteasy-reactive-common-types-3.17.2.jar:/Users/alializadeh/.m2/repository/org/reactivestreams/reactive-streams/1.0.4/reactive-streams-1.0.4.jar:/Users/alializadeh/.m2/repository/io/quarkus/quarkus-mutiny/3.17.2/quarkus-mutiny-3.17.2.jar:/Users/alializadeh/.m2/repository/io/quarkus/quarkus-smallrye-context-propagation/3.17.2/quarkus-smallrye-context-propagation-3.17.2.jar:/Users/alializadeh/.m2/repository/io/smallrye/smallrye-context-propagation/2.1.2/smallrye-context-propagation-2.1.2.jar:/Users/alializadeh/.m2/repository/io/smallrye/smallrye-context-propagation-api/2.1.2/smallrye-context-propagation-api-2.1.2.jar:/Users/alializadeh/.m2/repository/io/smallrye/smallrye-context-propagation-storage/2.1.2/smallrye-context-propagation-storage-2.1.2.jar:/Users/alializadeh/.m2/repository/io/smallrye/reactive/mutiny-smallrye-context-propagation/2.6.2/mutiny-smallrye-context-propagation-2.6.2.jar:/Users/alializadeh/.m2/repository/io/quarkus/resteasy/reactive/resteasy-reactive-vertx/3.17.2/resteasy-reactive-vertx-3.17.2.jar:/Users/alializadeh/.m2/repository/io/vertx/vertx-web/4.5.11/vertx-web-4.5.11.jar:/Users/alializadeh/.m2/repository/io/vertx/vertx-web-common/4.5.11/vertx-web-common-4.5.11.jar:/Users/alializadeh/.m2/repository/io/vertx/vertx-auth-common/4.5.11/vertx-auth-common-4.5.11.jar:/Users/alializadeh/.m2/repository/io/vertx/vertx-bridge-common/4.5.11/vertx-bridge-common-4.5.11.jar:/Users/alializadeh/.m2/repository/io/smallrye/reactive/smallrye-mutiny-vertx-core/3.16.0/smallrye-mutiny-vertx-core-3.16.0.jar:/Users/alializadeh/.m2/repository/io/smallrye/reactive/smallrye-mutiny-vertx-runtime/3.16.0/smallrye-mutiny-vertx-runtime-3.16.0.jar:/Users/alializadeh/.m2/repository/io/smallrye/reactive/vertx-mutiny-generator/3.16.0/vertx-mutiny-generator-3.16.0.jar:/Users/alializadeh/.m2/repository/io/vertx/vertx-codegen/4.5.11/vertx-codegen-4.5.11.jar:/Users/alializadeh/.m2/repository/io/quarkus/resteasy/reactive/resteasy-reactive/3.17.2/resteasy-reactive-3.17.2.jar:/Users/alializadeh/.m2/repository/io/quarkus/vertx/utils/quarkus-vertx-utils/3.17.2/quarkus-vertx-utils-3.17.2.jar:/Users/alializadeh/.m2/repository/jakarta/enterprise/jakarta.enterprise.cdi-api/4.1.0/jakarta.enterprise.cdi-api-4.1.0.jar:/Users/alializadeh/.m2/repository/jakarta/enterprise/jakarta.enterprise.lang-model/4.1.0/jakarta.enterprise.lang-model-4.1.0.jar:/Users/alializadeh/.m2/repository/jakarta/el/jakarta.el-api/5.0.1/jakarta.el-api-5.0.1.jar:/Users/alializadeh/.m2/repository/jakarta/ws/rs/jakarta.ws.rs-api/3.1.0/jakarta.ws.rs-api-3.1.0.jar:/Users/alializadeh/.m2/repository/org/jboss/logging/commons-logging-jboss-logging/1.0.0.Final/commons-logging-jboss-logging-1.0.0.Final.jar:/Users/alializadeh/.m2/repository/org/jboss/logging/jboss-logging/3.6.1.Final/jboss-logging-3.6.1.Final.jar:/Users/alializadeh/.m2/repository/io/quarkus/quarkus-vertx-http/3.17.2/quarkus-vertx-http-3.17.2.jar:/Users/alializadeh/.m2/repository/io/quarkus/quarkus-security-runtime-spi/3.17.2/quarkus-security-runtime-spi-3.17.2.jar:/Users/alializadeh/.m2/repository/io/quarkus/quarkus-tls-registry/3.17.2/quarkus-tls-registry-3.17.2.jar:/Users/alializadeh/.m2/repository/io/quarkus/quarkus-credentials/3.17.2/quarkus-credentials-3.17.2.jar:/Users/alializadeh/.m2/repository/io/smallrye/common/smallrye-common-vertx-context/2.8.0/smallrye-common-vertx-context-2.8.0.jar:/Users/alializadeh/.m2/repository/io/smallrye/common/smallrye-common-constraint/2.8.0/smallrye-common-constraint-2.8.0.jar:/Users/alializadeh/.m2/repository/io/quarkus/security/quarkus-security/2.2.0/quarkus-security-2.2.0.jar:/Users/alializadeh/.m2/repository/io/smallrye/reactive/smallrye-mutiny-vertx-web/3.16.0/smallrye-mutiny-vertx-web-3.16.0.jar:/Users/alializadeh/.m2/repository/io/smallrye/reactive/smallrye-mutiny-vertx-web-common/3.16.0/smallrye-mutiny-vertx-web-common-3.16.0.jar:/Users/alializadeh/.m2/repository/io/smallrye/reactive/smallrye-mutiny-vertx-auth-common/3.16.0/smallrye-mutiny-vertx-auth-common-3.16.0.jar:/Users/alializadeh/.m2/repository/io/smallrye/reactive/smallrye-mutiny-vertx-bridge-common/3.16.0/smallrye-mutiny-vertx-bridge-common-3.16.0.jar:/Users/alializadeh/.m2/repository/io/smallrye/reactive/smallrye-mutiny-vertx-uri-template/3.16.0/smallrye-mutiny-vertx-uri-template-3.16.0.jar:/Users/alializadeh/.m2/repository/io/vertx/vertx-uri-template/4.5.11/vertx-uri-template-4.5.11.jar:/Users/alializadeh/.m2/repository/io/github/crac/org-crac/0.1.3/org-crac-0.1.3.jar:/Users/alializadeh/.m2/repository/com/aayushatharva/brotli4j/brotli4j/1.16.0/brotli4j-1.16.0.jar:/Users/alializadeh/.m2/repository/com/aayushatharva/brotli4j/service/1.16.0/service-1.16.0.jar:/Users/alializadeh/.m2/repository/com/aayushatharva/brotli4j/native-osx-aarch64/1.16.0/native-osx-aarch64-1.16.0.jar:/Users/alializadeh/.m2/repository/io/quarkus/quarkus-jsonp/3.17.2/quarkus-jsonp-3.17.2.jar:/Users/alializadeh/.m2/repository/org/eclipse/parsson/parsson/1.1.7/parsson-1.1.7.jar:/Users/alializadeh/.m2/repository/jakarta/json/jakarta.json-api/2.1.3/jakarta.json-api-2.1.3.jar:/Users/alializadeh/.m2/repository/io/quarkus/quarkus-virtual-threads/3.17.2/quarkus-virtual-threads-3.17.2.jar:/Users/alializadeh/.m2/repository/io/vertx/vertx-core/4.5.11/vertx-core-4.5.11.jar:/Users/alializadeh/.m2/repository/io/netty/netty-common/4.1.115.Final/netty-common-4.1.115.Final.jar:/Users/alializadeh/.m2/repository/io/netty/netty-buffer/4.1.115.Final/netty-buffer-4.1.115.Final.jar:/Users/alializadeh/.m2/repository/io/netty/netty-transport/4.1.115.Final/netty-transport-4.1.115.Final.jar:/Users/alializadeh/.m2/repository/io/netty/netty-handler/4.1.115.Final/netty-handler-4.1.115.Final.jar:/Users/alializadeh/.m2/repository/io/netty/netty-transport-native-unix-common/4.1.115.Final/netty-transport-native-unix-common-4.1.115.Final.jar:/Users/alializadeh/.m2/repository/io/netty/netty-handler-proxy/4.1.115.Final/netty-handler-proxy-4.1.115.Final.jar:/Users/alializadeh/.m2/repository/io/netty/netty-codec-socks/4.1.115.Final/netty-codec-socks-4.1.115.Final.jar:/Users/alializadeh/.m2/repository/io/netty/netty-codec-http/4.1.115.Final/netty-codec-http-4.1.115.Final.jar:/Users/alializadeh/.m2/repository/io/netty/netty-codec-http2/4.1.115.Final/netty-codec-http2-4.1.115.Final.jar:/Users/alializadeh/.m2/repository/io/netty/netty-resolver/4.1.115.Final/netty-resolver-4.1.115.Final.jar:/Users/alializadeh/.m2/repository/io/netty/netty-resolver-dns/4.1.115.Final/netty-resolver-dns-4.1.115.Final.jar:/Users/alializadeh/.m2/repository/io/netty/netty-codec-dns/4.1.115.Final/netty-codec-dns-4.1.115.Final.jar:/Users/alializadeh/.m2/repository/com/fasterxml/jackson/core/jackson-core/2.18.1/jackson-core-2.18.1.jar:/Users/alializadeh/.m2/repository/io/quarkus/quarkus-rest-jackson/3.17.2/quarkus-rest-jackson-3.17.2.jar:/Users/alializadeh/.m2/repository/io/quarkus/quarkus-rest-jackson-common/3.17.2/quarkus-rest-jackson-common-3.17.2.jar:/Users/alializadeh/.m2/repository/io/quarkus/resteasy/reactive/resteasy-reactive-jackson/3.17.2/resteasy-reactive-jackson-3.17.2.jar:/Users/alializadeh/.m2/repository/com/fasterxml/jackson/core/jackson-databind/2.18.1/jackson-databind-2.18.1.jar:/Users/alializadeh/.m2/repository/io/quarkus/quarkus-jackson/3.17.2/quarkus-jackson-3.17.2.jar:/Users/alializadeh/.m2/repository/com/fasterxml/jackson/datatype/jackson-datatype-jdk8/2.18.1/jackson-datatype-jdk8-2.18.1.jar:/Users/alializadeh/.m2/repository/com/fasterxml/jackson/module/jackson-module-parameter-names/2.18.1/jackson-module-parameter-names-2.18.1.jar:/Users/alializadeh/.m2/repository/io/quarkus/quarkus-oidc/3.17.2/quarkus-oidc-3.17.2.jar:/Users/alializadeh/.m2/repository/io/quarkus/quarkus-core/3.17.2/quarkus-core-3.17.2.jar:/Users/alializadeh/.m2/repository/jakarta/inject/jakarta.inject-api/2.0.1/jakarta.inject-api-2.0.1.jar:/Users/alializadeh/.m2/repository/io/smallrye/common/smallrye-common-os/2.8.0/smallrye-common-os-2.8.0.jar:/Users/alializadeh/.m2/repository/io/quarkus/quarkus-ide-launcher/3.17.2/quarkus-ide-launcher-3.17.2.jar:/Users/alializadeh/.m2/repository/io/quarkus/quarkus-development-mode-spi/3.17.2/quarkus-development-mode-spi-3.17.2.jar:/Users/alializadeh/.m2/repository/io/smallrye/config/smallrye-config/3.10.1/smallrye-config-3.10.1.jar:/Users/alializadeh/.m2/repository/io/smallrye/config/smallrye-config-core/3.10.1/smallrye-config-core-3.10.1.jar:/Users/alializadeh/.m2/repository/io/smallrye/common/smallrye-common-classloader/2.8.0/smallrye-common-classloader-2.8.0.jar:/Users/alializadeh/.m2/repository/io/smallrye/config/smallrye-config-common/3.10.1/smallrye-config-common-3.10.1.jar:/Users/alializadeh/.m2/repository/org/jboss/logmanager/jboss-logmanager/3.1.0.Final/jboss-logmanager-3.1.0.Final.jar:/Users/alializadeh/.m2/repository/io/smallrye/common/smallrye-common-cpu/2.8.0/smallrye-common-cpu-2.8.0.jar:/Users/alializadeh/.m2/repository/io/smallrye/common/smallrye-common-expression/2.8.0/smallrye-common-expression-2.8.0.jar:/Users/alializadeh/.m2/repository/io/smallrye/common/smallrye-common-net/2.8.0/smallrye-common-net-2.8.0.jar:/Users/alializadeh/.m2/repository/io/smallrye/common/smallrye-common-ref/2.8.0/smallrye-common-ref-2.8.0.jar:/Users/alializadeh/.m2/repository/org/jboss/logging/jboss-logging-annotations/3.0.2.Final/jboss-logging-annotations-3.0.2.Final.jar:/Users/alializadeh/.m2/repository/org/jboss/threads/jboss-threads/3.8.0.Final/jboss-threads-3.8.0.Final.jar:/Users/alializadeh/.m2/repository/io/smallrye/common/smallrye-common-function/2.8.0/smallrye-common-function-2.8.0.jar:/Users/alializadeh/.m2/repository/org/slf4j/slf4j-api/2.0.6/slf4j-api-2.0.6.jar:/Users/alializadeh/.m2/repository/org/jboss/slf4j/slf4j-jboss-logmanager/2.0.0.Final/slf4j-jboss-logmanager-2.0.0.Final.jar:/Users/alializadeh/.m2/repository/org/wildfly/common/wildfly-common/1.7.0.Final/wildfly-common-1.7.0.Final.jar:/Users/alializadeh/.m2/repository/io/quarkus/quarkus-bootstrap-runner/3.17.2/quarkus-bootstrap-runner-3.17.2.jar:/Users/alializadeh/.m2/repository/io/quarkus/quarkus-fs-util/0.0.10/quarkus-fs-util-0.0.10.jar:/Users/alializadeh/.m2/repository/io/quarkus/quarkus-vertx/3.17.2/quarkus-vertx-3.17.2.jar:/Users/alializadeh/.m2/repository/io/quarkus/quarkus-netty/3.17.2/quarkus-netty-3.17.2.jar:/Users/alializadeh/.m2/repository/io/netty/netty-codec/4.1.115.Final/netty-codec-4.1.115.Final.jar:/Users/alializadeh/.m2/repository/io/netty/netty-codec-haproxy/4.1.115.Final/netty-codec-haproxy-4.1.115.Final.jar:/Users/alializadeh/.m2/repository/io/smallrye/common/smallrye-common-annotation/2.8.0/smallrye-common-annotation-2.8.0.jar:/Users/alializadeh/.m2/repository/io/quarkus/quarkus-vertx-latebound-mdc-provider/3.17.2/quarkus-vertx-latebound-mdc-provider-3.17.2.jar:/Users/alializadeh/.m2/repository/io/smallrye/smallrye-fault-tolerance-vertx/6.6.3/smallrye-fault-tolerance-vertx-6.6.3.jar:/Users/alializadeh/.m2/repository/io/quarkus/quarkus-security/3.17.2/quarkus-security-3.17.2.jar:/Users/alializadeh/.m2/repository/jakarta/interceptor/jakarta.interceptor-api/2.2.0/jakarta.interceptor-api-2.2.0.jar:/Users/alializadeh/.m2/repository/io/quarkus/quarkus-oidc-common/3.17.2/quarkus-oidc-common-3.17.2.jar:/Users/alializadeh/.m2/repository/io/smallrye/reactive/smallrye-mutiny-vertx-web-client/3.16.0/smallrye-mutiny-vertx-web-client-3.16.0.jar:/Users/alializadeh/.m2/repository/io/vertx/vertx-web-client/4.5.11/vertx-web-client-4.5.11.jar:/Users/alializadeh/.m2/repository/io/quarkus/quarkus-smallrye-jwt-build/3.17.2/quarkus-smallrye-jwt-build-3.17.2.jar:/Users/alializadeh/.m2/repository/io/smallrye/smallrye-jwt-build/4.6.1/smallrye-jwt-build-4.6.1.jar:/Users/alializadeh/.m2/repository/io/smallrye/smallrye-jwt/4.6.1/smallrye-jwt-4.6.1.jar:/Users/alializadeh/.m2/repository/org/eclipse/microprofile/config/microprofile-config-api/3.1/microprofile-config-api-3.1.jar:/Users/alializadeh/.m2/repository/org/eclipse/microprofile/jwt/microprofile-jwt-auth-api/2.1/microprofile-jwt-auth-api-2.1.jar:/Users/alializadeh/.m2/repository/org/bitbucket/b_c/jose4j/0.9.6/jose4j-0.9.6.jar:/Users/alializadeh/.m2/repository/io/smallrye/smallrye-jwt-common/4.6.1/smallrye-jwt-common-4.6.1.jar:/Users/alializadeh/.m2/repository/jakarta/annotation/jakarta.annotation-api/3.0.0/jakarta.annotation-api-3.0.0.jar:/Users/alializadeh/.m2/repository/io/quarkus/quarkus-hibernate-orm-panache/3.17.2/quarkus-hibernate-orm-panache-3.17.2.jar:/Users/alializadeh/.m2/repository/io/quarkus/quarkus-hibernate-orm-panache-common/3.17.2/quarkus-hibernate-orm-panache-common-3.17.2.jar:/Users/alializadeh/.m2/repository/io/quarkus/quarkus-panache-hibernate-common/3.17.2/quarkus-panache-hibernate-common-3.17.2.jar:/Users/alializadeh/.m2/repository/io/quarkus/quarkus-panache-common/3.17.2/quarkus-panache-common-3.17.2.jar:/Users/alializadeh/.m2/repository/io/quarkus/quarkus-jdbc-postgresql/3.17.2/quarkus-jdbc-postgresql-3.17.2.jar:/Users/alializadeh/.m2/repository/io/quarkus/quarkus-agroal/3.17.2/quarkus-agroal-3.17.2.jar:/Users/alializadeh/.m2/repository/io/quarkus/quarkus-datasource/3.17.2/quarkus-datasource-3.17.2.jar:/Users/alializadeh/.m2/repository/io/agroal/agroal-api/2.5/agroal-api-2.5.jar:/Users/alializadeh/.m2/repository/io/agroal/agroal-narayana/2.5/agroal-narayana-2.5.jar:/Users/alializadeh/.m2/repository/org/jboss/jboss-transaction-spi/8.0.0.Final/jboss-transaction-spi-8.0.0.Final.jar:/Users/alializadeh/.m2/repository/io/agroal/agroal-pool/2.5/agroal-pool-2.5.jar:/Users/alializadeh/.m2/repository/org/postgresql/postgresql/42.7.4/postgresql-42.7.4.jar:/Users/alializadeh/.m2/repository/io/quarkus/quarkus-arc/3.17.2/quarkus-arc-3.17.2.jar:/Users/alializadeh/.m2/repository/io/quarkus/arc/arc/3.17.2/arc-3.17.2.jar:/Users/alializadeh/.m2/repository/io/smallrye/reactive/mutiny/2.6.2/mutiny-2.6.2.jar:/Users/alializadeh/.m2/repository/org/jctools/jctools-core/4.0.5/jctools-core-4.0.5.jar:/Users/alializadeh/.m2/repository/org/eclipse/microprofile/context-propagation/microprofile-context-propagation-api/1.3/microprofile-context-propagation-api-1.3.jar:/Users/alializadeh/.m2/repository/io/quarkus/quarkus-hibernate-orm/3.17.2/quarkus-hibernate-orm-3.17.2.jar:/Users/alializadeh/.m2/repository/io/quarkus/quarkus-narayana-jta/3.17.2/quarkus-narayana-jta-3.17.2.jar:/Users/alializadeh/.m2/repository/io/quarkus/quarkus-transaction-annotations/3.17.2/quarkus-transaction-annotations-3.17.2.jar:/Users/alializadeh/.m2/repository/io/smallrye/smallrye-context-propagation-jta/2.1.2/smallrye-context-propagation-jta-2.1.2.jar:/Users/alializadeh/.m2/repository/io/smallrye/reactive/smallrye-reactive-converter-api/3.0.1/smallrye-reactive-converter-api-3.0.1.jar:/Users/alializadeh/.m2/repository/io/smallrye/reactive/smallrye-reactive-converter-mutiny/3.0.1/smallrye-reactive-converter-mutiny-3.0.1.jar:/Users/alializadeh/.m2/repository/io/smallrye/reactive/mutiny-zero-flow-adapters/1.1.0/mutiny-zero-flow-adapters-1.1.0.jar:/Users/alializadeh/.m2/repository/org/jboss/narayana/jta/narayana-jta/7.1.0.Final/narayana-jta-7.1.0.Final.jar:/Users/alializadeh/.m2/repository/jakarta/resource/jakarta.resource-api/2.1.0/jakarta.resource-api-2.1.0.jar:/Users/alializadeh/.m2/repository/org/jboss/invocation/jboss-invocation/2.0.0.Final/jboss-invocation-2.0.0.Final.jar:/Users/alializadeh/.m2/repository/org/eclipse/microprofile/reactive-streams-operators/microprofile-reactive-streams-operators-api/3.0.1/microprofile-reactive-streams-operators-api-3.0.1.jar:/Users/alializadeh/.m2/repository/org/jboss/narayana/jts/narayana-jts-integration/7.1.0.Final/narayana-jts-integration-7.1.0.Final.jar:/Users/alializadeh/.m2/repository/org/hibernate/orm/hibernate-core/6.6.3.Final/hibernate-core-6.6.3.Final.jar:/Users/alializadeh/.m2/repository/com/fasterxml/classmate/1.7.0/classmate-1.7.0.jar:/Users/alializadeh/.m2/repository/org/antlr/antlr4-runtime/4.13.0/antlr4-runtime-4.13.0.jar:/Users/alializadeh/.m2/repository/net/bytebuddy/byte-buddy/1.14.18/byte-buddy-1.14.18.jar:/Users/alializadeh/.m2/repository/org/hibernate/common/hibernate-commons-annotations/7.0.3.Final/hibernate-commons-annotations-7.0.3.Final.jar:/Users/alializadeh/.m2/repository/org/hibernate/orm/hibernate-graalvm/6.6.3.Final/hibernate-graalvm-6.6.3.Final.jar:/Users/alializadeh/.m2/repository/org/glassfish/jaxb/jaxb-runtime/4.0.5/jaxb-runtime-4.0.5.jar:/Users/alializadeh/.m2/repository/org/glassfish/jaxb/jaxb-core/4.0.5/jaxb-core-4.0.5.jar:/Users/alializadeh/.m2/repository/org/eclipse/angus/angus-activation/2.0.2/angus-activation-2.0.2.jar:/Users/alializadeh/.m2/repository/org/glassfish/jaxb/txw2/4.0.5/txw2-4.0.5.jar:/Users/alializadeh/.m2/repository/com/sun/istack/istack-commons-runtime/4.1.2/istack-commons-runtime-4.1.2.jar:/Users/alializadeh/.m2/repository/jakarta/xml/bind/jakarta.xml.bind-api/4.0.2/jakarta.xml.bind-api-4.0.2.jar:/Users/alializadeh/.m2/repository/jakarta/activation/jakarta.activation-api/2.1.3/jakarta.activation-api-2.1.3.jar:/Users/alializadeh/.m2/repository/jakarta/persistence/jakarta.persistence-api/3.1.0/jakarta.persistence-api-3.1.0.jar:/Users/alializadeh/.m2/repository/jakarta/transaction/jakarta.transaction-api/2.0.1/jakarta.transaction-api-2.0.1.jar:/Users/alializadeh/.m2/repository/org/hibernate/quarkus-local-cache/0.3.0/quarkus-local-cache-0.3.0.jar:/Users/alializadeh/.m2/repository/io/quarkus/quarkus-caffeine/3.17.2/quarkus-caffeine-3.17.2.jar:/Users/alializadeh/.m2/repository/com/github/ben-manes/caffeine/caffeine/3.1.8/caffeine-3.1.8.jar:/Users/alializadeh/.m2/repository/com/google/errorprone/error_prone_annotations/2.35.1/error_prone_annotations-2.35.1.jar:/Users/alializadeh/.m2/repository/io/quarkus/quarkus-flyway/3.17.2/quarkus-flyway-3.17.2.jar:/Users/alializadeh/.m2/repository/org/flywaydb/flyway-core/10.21.0/flyway-core-10.21.0.jar:/Users/alializadeh/.m2/repository/com/fasterxml/jackson/dataformat/jackson-dataformat-toml/2.18.1/jackson-dataformat-toml-2.18.1.jar:/Users/alializadeh/.m2/repository/com/fasterxml/jackson/datatype/jackson-datatype-jsr310/2.18.1/jackson-datatype-jsr310-2.18.1.jar:/Users/alializadeh/.m2/repository/com/fasterxml/jackson/core/jackson-annotations/2.18.1/jackson-annotations-2.18.1.jar:/Users/alializadeh/.m2/repository/io/quarkus/quarkus-datasource-common/3.17.2/quarkus-datasource-common-3.17.2.jar:/Users/alializadeh/.m2/repository/org/projectlombok/lombok/1.18.34/lombok-1.18.34.jar:/Users/alializadeh/.m2/repository/io/quarkus/quarkus-junit5/3.17.2/quarkus-junit5-3.17.2.jar:/Users/alializadeh/.m2/repository/io/quarkus/quarkus-bootstrap-core/3.17.2/quarkus-bootstrap-core-3.17.2.jar:/Users/alializadeh/.m2/repository/io/quarkus/quarkus-classloader-commons/3.17.2/quarkus-classloader-commons-3.17.2.jar:/Users/alializadeh/.m2/repository/io/quarkus/quarkus-bootstrap-app-model/3.17.2/quarkus-bootstrap-app-model-3.17.2.jar:/Users/alializadeh/.m2/repository/io/smallrye/common/smallrye-common-io/2.8.0/smallrye-common-io-2.8.0.jar:/Users/alializadeh/.m2/repository/org/eclipse/sisu/org.eclipse.sisu.inject/0.9.0.M3/org.eclipse.sisu.inject-0.9.0.M3.jar:/Users/alializadeh/.m2/repository/io/quarkus/quarkus-test-common/3.17.2/quarkus-test-common-3.17.2.jar:/Users/alializadeh/.m2/repository/io/quarkus/quarkus-core-deployment/3.17.2/quarkus-core-deployment-3.17.2.jar:/Users/alializadeh/.m2/repository/org/aesh/readline/2.6/readline-2.6.jar:/Users/alializadeh/.m2/repository/org/fusesource/jansi/jansi/2.4.0/jansi-2.4.0.jar:/Users/alializadeh/.m2/repository/org/aesh/aesh/2.8.2/aesh-2.8.2.jar:/Users/alializadeh/.m2/repository/io/quarkus/gizmo/gizmo/1.8.0/gizmo-1.8.0.jar:/Users/alializadeh/.m2/repository/org/ow2/asm/asm-util/9.7.1/asm-util-9.7.1.jar:/Users/alializadeh/.m2/repository/org/ow2/asm/asm-analysis/9.7.1/asm-analysis-9.7.1.jar:/Users/alializadeh/.m2/repository/org/ow2/asm/asm/9.7.1/asm-9.7.1.jar:/Users/alializadeh/.m2/repository/org/ow2/asm/asm-commons/9.7.1/asm-commons-9.7.1.jar:/Users/alializadeh/.m2/repository/org/ow2/asm/asm-tree/9.7.1/asm-tree-9.7.1.jar:/Users/alializadeh/.m2/repository/io/quarkus/quarkus-hibernate-validator-spi/3.17.2/quarkus-hibernate-validator-spi-3.17.2.jar:/Users/alializadeh/.m2/repository/io/quarkus/quarkus-class-change-agent/3.17.2/quarkus-class-change-agent-3.17.2.jar:/Users/alializadeh/.m2/repository/io/quarkus/quarkus-devtools-utilities/3.17.2/quarkus-devtools-utilities-3.17.2.jar:/Users/alializadeh/.m2/repository/io/quarkus/quarkus-builder/3.17.2/quarkus-builder-3.17.2.jar:/Users/alializadeh/.m2/repository/org/graalvm/sdk/nativeimage/23.1.2/nativeimage-23.1.2.jar:/Users/alializadeh/.m2/repository/org/graalvm/sdk/word/23.1.2/word-23.1.2.jar:/Users/alializadeh/.m2/repository/org/junit/platform/junit-platform-launcher/1.10.5/junit-platform-launcher-1.10.5.jar:/Users/alializadeh/.m2/repository/io/quarkus/quarkus-bootstrap-maven-resolver/3.17.2/quarkus-bootstrap-maven-resolver-3.17.2.jar:/Users/alializadeh/.m2/repository/io/smallrye/beanbag/smallrye-beanbag-maven/1.5.2/smallrye-beanbag-maven-1.5.2.jar:/Users/alializadeh/.m2/repository/io/smallrye/beanbag/smallrye-beanbag-sisu/1.5.2/smallrye-beanbag-sisu-1.5.2.jar:/Users/alializadeh/.m2/repository/io/smallrye/beanbag/smallrye-beanbag/1.5.2/smallrye-beanbag-1.5.2.jar:/Users/alializadeh/.m2/repository/javax/inject/javax.inject/1/javax.inject-1.jar:/Users/alializadeh/.m2/repository/org/apache/maven/maven-artifact/3.9.9/maven-artifact-3.9.9.jar:/Users/alializadeh/.m2/repository/org/apache/maven/maven-builder-support/3.9.9/maven-builder-support-3.9.9.jar:/Users/alializadeh/.m2/repository/org/apache/maven/maven-model/3.9.9/maven-model-3.9.9.jar:/Users/alializadeh/.m2/repository/org/apache/maven/maven-model-builder/3.9.9/maven-model-builder-3.9.9.jar:/Users/alializadeh/.m2/repository/org/apache/maven/maven-repository-metadata/3.9.9/maven-repository-metadata-3.9.9.jar:/Users/alializadeh/.m2/repository/org/apache/maven/maven-settings/3.9.9/maven-settings-3.9.9.jar:/Users/alializadeh/.m2/repository/org/apache/maven/resolver/maven-resolver-api/1.9.22/maven-resolver-api-1.9.22.jar:/Users/alializadeh/.m2/repository/org/apache/maven/resolver/maven-resolver-impl/1.9.22/maven-resolver-impl-1.9.22.jar:/Users/alializadeh/.m2/repository/org/apache/maven/resolver/maven-resolver-named-locks/1.9.22/maven-resolver-named-locks-1.9.22.jar:/Users/alializadeh/.m2/repository/org/apache/maven/resolver/maven-resolver-spi/1.9.22/maven-resolver-spi-1.9.22.jar:/Users/alializadeh/.m2/repository/org/apache/maven/resolver/maven-resolver-util/1.9.22/maven-resolver-util-1.9.22.jar:/Users/alializadeh/.m2/repository/org/apache/maven/resolver/maven-resolver-transport-http/1.9.20/maven-resolver-transport-http-1.9.20.jar:/Users/alializadeh/.m2/repository/org/apache/maven/wagon/wagon-provider-api/3.5.3/wagon-provider-api-3.5.3.jar:/Users/alializadeh/.m2/repository/org/apache/maven/wagon/wagon-http-shared/3.5.3/wagon-http-shared-3.5.3.jar:/Users/alializadeh/.m2/repository/org/codehaus/plexus/plexus-interpolation/1.26/plexus-interpolation-1.26.jar:/Users/alializadeh/.m2/repository/org/codehaus/plexus/plexus-utils/3.5.1/plexus-utils-3.5.1.jar:/Users/alializadeh/.m2/repository/org/codehaus/plexus/plexus-xml/4.0.1/plexus-xml-4.0.1.jar:/Users/alializadeh/.m2/repository/org/apache/maven/maven-xml-impl/4.0.0-alpha-5/maven-xml-impl-4.0.0-alpha-5.jar:/Users/alializadeh/.m2/repository/org/apache/maven/maven-api-xml/4.0.0-alpha-5/maven-api-xml-4.0.0-alpha-5.jar:/Users/alializadeh/.m2/repository/org/apache/maven/maven-api-meta/4.0.0-alpha-5/maven-api-meta-4.0.0-alpha-5.jar:/Users/alializadeh/.m2/repository/org/codehaus/plexus/plexus-cipher/2.0/plexus-cipher-2.0.jar:/Users/alializadeh/.m2/repository/org/codehaus/plexus/plexus-sec-dispatcher/2.0/plexus-sec-dispatcher-2.0.jar:/Users/alializadeh/.m2/repository/org/apache/maven/maven-embedder/3.9.9/maven-embedder-3.9.9.jar:/Users/alializadeh/.m2/repository/org/apache/maven/maven-core/3.9.9/maven-core-3.9.9.jar:/Users/alializadeh/.m2/repository/org/codehaus/plexus/plexus-component-annotations/2.1.0/plexus-component-annotations-2.1.0.jar:/Users/alializadeh/.m2/repository/org/apache/maven/maven-plugin-api/3.9.9/maven-plugin-api-3.9.9.jar:/Users/alializadeh/.m2/repository/org/apache/maven/shared/maven-shared-utils/3.4.2/maven-shared-utils-3.4.2.jar:/Users/alializadeh/.m2/repository/com/google/inject/guice/5.1.0/guice-5.1.0.jar:/Users/alializadeh/.m2/repository/aopalliance/aopalliance/1.0/aopalliance-1.0.jar:/Users/alializadeh/.m2/repository/com/google/guava/guava/33.3.1-jre/guava-33.3.1-jre.jar:/Users/alializadeh/.m2/repository/com/google/guava/failureaccess/1.0.1/failureaccess-1.0.1.jar:/Users/alializadeh/.m2/repository/javax/annotation/javax.annotation-api/1.3.2/javax.annotation-api-1.3.2.jar:/Users/alializadeh/.m2/repository/org/codehaus/plexus/plexus-classworlds/2.6.0/plexus-classworlds-2.6.0.jar:/Users/alializadeh/.m2/repository/commons-cli/commons-cli/1.8.0/commons-cli-1.8.0.jar:/Users/alializadeh/.m2/repository/org/eclipse/sisu/org.eclipse.sisu.plexus/0.9.0.M3/org.eclipse.sisu.plexus-0.9.0.M3.jar:/Users/alializadeh/.m2/repository/org/apache/maven/maven-settings-builder/3.9.9/maven-settings-builder-3.9.9.jar:/Users/alializadeh/.m2/repository/org/apache/maven/maven-resolver-provider/3.9.9/maven-resolver-provider-3.9.9.jar:/Users/alializadeh/.m2/repository/org/apache/maven/resolver/maven-resolver-connector-basic/1.9.22/maven-resolver-connector-basic-1.9.22.jar:/Users/alializadeh/.m2/repository/org/apache/maven/resolver/maven-resolver-transport-wagon/1.9.22/maven-resolver-transport-wagon-1.9.22.jar:/Users/alializadeh/.m2/repository/org/apache/maven/wagon/wagon-http/3.5.3/wagon-http-3.5.3.jar:/Users/alializadeh/.m2/repository/org/apache/maven/wagon/wagon-file/3.5.3/wagon-file-3.5.3.jar:/Users/alializadeh/.m2/repository/io/quarkus/quarkus-bootstrap-gradle-resolver/3.17.2/quarkus-bootstrap-gradle-resolver-3.17.2.jar:/Users/alializadeh/.m2/repository/io/smallrye/jandex/3.2.3/jandex-3.2.3.jar:/Users/alializadeh/.m2/repository/commons-io/commons-io/2.17.0/commons-io-2.17.0.jar:/Users/alializadeh/.m2/repository/io/quarkus/quarkus-junit5-properties/3.17.2/quarkus-junit5-properties-3.17.2.jar:/Users/alializadeh/.m2/repository/org/junit/jupiter/junit-jupiter/5.10.5/junit-jupiter-5.10.5.jar:/Users/alializadeh/.m2/repository/org/junit/jupiter/junit-jupiter-api/5.10.5/junit-jupiter-api-5.10.5.jar:/Users/alializadeh/.m2/repository/org/opentest4j/opentest4j/1.3.0/opentest4j-1.3.0.jar:/Users/alializadeh/.m2/repository/org/junit/platform/junit-platform-commons/1.10.5/junit-platform-commons-1.10.5.jar:/Users/alializadeh/.m2/repository/org/apiguardian/apiguardian-api/1.1.2/apiguardian-api-1.1.2.jar:/Users/alializadeh/.m2/repository/org/junit/jupiter/junit-jupiter-params/5.10.5/junit-jupiter-params-5.10.5.jar:/Users/alializadeh/.m2/repository/org/junit/jupiter/junit-jupiter-engine/5.10.5/junit-jupiter-engine-5.10.5.jar:/Users/alializadeh/.m2/repository/org/junit/platform/junit-platform-engine/1.10.5/junit-platform-engine-1.10.5.jar:/Users/alializadeh/.m2/repository/org/jboss/marshalling/jboss-marshalling/2.2.1.Final/jboss-marshalling-2.2.1.Final.jar:/Users/alializadeh/.m2/repository/io/rest-assured/rest-assured/5.5.0/rest-assured-5.5.0.jar:/Users/alializadeh/.m2/repository/org/apache/groovy/groovy/4.0.22/groovy-4.0.22.jar:/Users/alializadeh/.m2/repository/org/apache/groovy/groovy-xml/4.0.22/groovy-xml-4.0.22.jar:/Users/alializadeh/.m2/repository/org/apache/httpcomponents/httpclient/4.5.14/httpclient-4.5.14.jar:/Users/alializadeh/.m2/repository/org/apache/httpcomponents/httpcore/4.4.16/httpcore-4.4.16.jar:/Users/alializadeh/.m2/repository/commons-codec/commons-codec/1.17.1/commons-codec-1.17.1.jar:/Users/alializadeh/.m2/repository/org/apache/httpcomponents/httpmime/4.5.14/httpmime-4.5.14.jar:/Users/alializadeh/.m2/repository/org/hamcrest/hamcrest/2.2/hamcrest-2.2.jar:/Users/alializadeh/.m2/repository/org/ccil/cowan/tagsoup/tagsoup/1.2.1/tagsoup-1.2.1.jar:/Users/alializadeh/.m2/repository/io/rest-assured/json-path/5.5.0/json-path-5.5.0.jar:/Users/alializadeh/.m2/repository/org/apache/groovy/groovy-json/4.0.22/groovy-json-4.0.22.jar:/Users/alializadeh/.m2/repository/io/rest-assured/rest-assured-common/5.5.0/rest-assured-common-5.5.0.jar:/Users/alializadeh/.m2/repository/io/rest-assured/xml-path/5.5.0/xml-path-5.5.0.jar:/Users/alializadeh/.m2/repository/org/apache/commons/commons-lang3/3.17.0/commons-lang3-3.17.0.jar:"/>
    <property name="java.vm.vendor" value="Homebrew"/>
    <property name="sun.arch.data.model" value="64"/>
    <property name="java.vendor.url" value="https://github.com/Homebrew/homebrew-core/issues"/>
    <property name="user.timezone" value="Europe/Berlin"/>
    <property name="logging.initial-configurator.min-level" value="500"/>
    <property name="os.name" value="Mac OS X"/>
    <property name="java.vm.specification.version" value="21"/>
    <property name="sun.java.launcher" value="SUN_STANDARD"/>
    <property name="user.country" value="DE"/>
    <property name="groovy.use.classvalue" value="false"/>
    <property name="sun.boot.library.path" value="/opt/homebrew/Cellar/openjdk@21/21.0.5/libexec/openjdk.jdk/Contents/Home/lib"/>
    <property name="sun.java.command" value="/Users/alializadeh/repository/quiz-app/quizz-app-be/target/surefire/surefirebooter-20250115172533674_3.jar /Users/alializadeh/repository/quiz-app/quizz-app-be/target/surefire 2025-01-15T17-25-33_636-jvmRun1 surefire-20250115172533674_1tmp surefire_0-20250115172533674_2tmp"/>
    <property name="http.nonProxyHosts" value="local|*.local|169.254/16|*.169.254/16"/>
    <property name="jdk.debug" value="release"/>
    <property name="maven.home" value="/Applications/IntelliJ IDEA.app/Contents/plugins/maven/lib/maven3"/>
    <property name="surefire.test.class.path" value="/Users/alializadeh/repository/quiz-app/quizz-app-be/target/test-classes:/Users/alializadeh/repository/quiz-app/quizz-app-be/target/classes:/Users/alializadeh/.m2/repository/io/quarkus/quarkus-rest/3.17.2/quarkus-rest-3.17.2.jar:/Users/alializadeh/.m2/repository/io/quarkus/quarkus-rest-common/3.17.2/quarkus-rest-common-3.17.2.jar:/Users/alializadeh/.m2/repository/io/quarkus/resteasy/reactive/resteasy-reactive-common/3.17.2/resteasy-reactive-common-3.17.2.jar:/Users/alializadeh/.m2/repository/io/quarkus/resteasy/reactive/resteasy-reactive-common-types/3.17.2/resteasy-reactive-common-types-3.17.2.jar:/Users/alializadeh/.m2/repository/org/reactivestreams/reactive-streams/1.0.4/reactive-streams-1.0.4.jar:/Users/alializadeh/.m2/repository/io/quarkus/quarkus-mutiny/3.17.2/quarkus-mutiny-3.17.2.jar:/Users/alializadeh/.m2/repository/io/quarkus/quarkus-smallrye-context-propagation/3.17.2/quarkus-smallrye-context-propagation-3.17.2.jar:/Users/alializadeh/.m2/repository/io/smallrye/smallrye-context-propagation/2.1.2/smallrye-context-propagation-2.1.2.jar:/Users/alializadeh/.m2/repository/io/smallrye/smallrye-context-propagation-api/2.1.2/smallrye-context-propagation-api-2.1.2.jar:/Users/alializadeh/.m2/repository/io/smallrye/smallrye-context-propagation-storage/2.1.2/smallrye-context-propagation-storage-2.1.2.jar:/Users/alializadeh/.m2/repository/io/smallrye/reactive/mutiny-smallrye-context-propagation/2.6.2/mutiny-smallrye-context-propagation-2.6.2.jar:/Users/alializadeh/.m2/repository/io/quarkus/resteasy/reactive/resteasy-reactive-vertx/3.17.2/resteasy-reactive-vertx-3.17.2.jar:/Users/alializadeh/.m2/repository/io/vertx/vertx-web/4.5.11/vertx-web-4.5.11.jar:/Users/alializadeh/.m2/repository/io/vertx/vertx-web-common/4.5.11/vertx-web-common-4.5.11.jar:/Users/alializadeh/.m2/repository/io/vertx/vertx-auth-common/4.5.11/vertx-auth-common-4.5.11.jar:/Users/alializadeh/.m2/repository/io/vertx/vertx-bridge-common/4.5.11/vertx-bridge-common-4.5.11.jar:/Users/alializadeh/.m2/repository/io/smallrye/reactive/smallrye-mutiny-vertx-core/3.16.0/smallrye-mutiny-vertx-core-3.16.0.jar:/Users/alializadeh/.m2/repository/io/smallrye/reactive/smallrye-mutiny-vertx-runtime/3.16.0/smallrye-mutiny-vertx-runtime-3.16.0.jar:/Users/alializadeh/.m2/repository/io/smallrye/reactive/vertx-mutiny-generator/3.16.0/vertx-mutiny-generator-3.16.0.jar:/Users/alializadeh/.m2/repository/io/vertx/vertx-codegen/4.5.11/vertx-codegen-4.5.11.jar:/Users/alializadeh/.m2/repository/io/quarkus/resteasy/reactive/resteasy-reactive/3.17.2/resteasy-reactive-3.17.2.jar:/Users/alializadeh/.m2/repository/io/quarkus/vertx/utils/quarkus-vertx-utils/3.17.2/quarkus-vertx-utils-3.17.2.jar:/Users/alializadeh/.m2/repository/jakarta/enterprise/jakarta.enterprise.cdi-api/4.1.0/jakarta.enterprise.cdi-api-4.1.0.jar:/Users/alializadeh/.m2/repository/jakarta/enterprise/jakarta.enterprise.lang-model/4.1.0/jakarta.enterprise.lang-model-4.1.0.jar:/Users/alializadeh/.m2/repository/jakarta/el/jakarta.el-api/5.0.1/jakarta.el-api-5.0.1.jar:/Users/alializadeh/.m2/repository/jakarta/ws/rs/jakarta.ws.rs-api/3.1.0/jakarta.ws.rs-api-3.1.0.jar:/Users/alializadeh/.m2/repository/org/jboss/logging/commons-logging-jboss-logging/1.0.0.Final/commons-logging-jboss-logging-1.0.0.Final.jar:/Users/alializadeh/.m2/repository/org/jboss/logging/jboss-logging/3.6.1.Final/jboss-logging-3.6.1.Final.jar:/Users/alializadeh/.m2/repository/io/quarkus/quarkus-vertx-http/3.17.2/quarkus-vertx-http-3.17.2.jar:/Users/alializadeh/.m2/repository/io/quarkus/quarkus-security-runtime-spi/3.17.2/quarkus-security-runtime-spi-3.17.2.jar:/Users/alializadeh/.m2/repository/io/quarkus/quarkus-tls-registry/3.17.2/quarkus-tls-registry-3.17.2.jar:/Users/alializadeh/.m2/repository/io/quarkus/quarkus-credentials/3.17.2/quarkus-credentials-3.17.2.jar:/Users/alializadeh/.m2/repository/io/smallrye/common/smallrye-common-vertx-context/2.8.0/smallrye-common-vertx-context-2.8.0.jar:/Users/alializadeh/.m2/repository/io/smallrye/common/smallrye-common-constraint/2.8.0/smallrye-common-constraint-2.8.0.jar:/Users/alializadeh/.m2/repository/io/quarkus/security/quarkus-security/2.2.0/quarkus-security-2.2.0.jar:/Users/alializadeh/.m2/repository/io/smallrye/reactive/smallrye-mutiny-vertx-web/3.16.0/smallrye-mutiny-vertx-web-3.16.0.jar:/Users/alializadeh/.m2/repository/io/smallrye/reactive/smallrye-mutiny-vertx-web-common/3.16.0/smallrye-mutiny-vertx-web-common-3.16.0.jar:/Users/alializadeh/.m2/repository/io/smallrye/reactive/smallrye-mutiny-vertx-auth-common/3.16.0/smallrye-mutiny-vertx-auth-common-3.16.0.jar:/Users/alializadeh/.m2/repository/io/smallrye/reactive/smallrye-mutiny-vertx-bridge-common/3.16.0/smallrye-mutiny-vertx-bridge-common-3.16.0.jar:/Users/alializadeh/.m2/repository/io/smallrye/reactive/smallrye-mutiny-vertx-uri-template/3.16.0/smallrye-mutiny-vertx-uri-template-3.16.0.jar:/Users/alializadeh/.m2/repository/io/vertx/vertx-uri-template/4.5.11/vertx-uri-template-4.5.11.jar:/Users/alializadeh/.m2/repository/io/github/crac/org-crac/0.1.3/org-crac-0.1.3.jar:/Users/alializadeh/.m2/repository/com/aayushatharva/brotli4j/brotli4j/1.16.0/brotli4j-1.16.0.jar:/Users/alializadeh/.m2/repository/com/aayushatharva/brotli4j/service/1.16.0/service-1.16.0.jar:/Users/alializadeh/.m2/repository/com/aayushatharva/brotli4j/native-osx-aarch64/1.16.0/native-osx-aarch64-1.16.0.jar:/Users/alializadeh/.m2/repository/io/quarkus/quarkus-jsonp/3.17.2/quarkus-jsonp-3.17.2.jar:/Users/alializadeh/.m2/repository/org/eclipse/parsson/parsson/1.1.7/parsson-1.1.7.jar:/Users/alializadeh/.m2/repository/jakarta/json/jakarta.json-api/2.1.3/jakarta.json-api-2.1.3.jar:/Users/alializadeh/.m2/repository/io/quarkus/quarkus-virtual-threads/3.17.2/quarkus-virtual-threads-3.17.2.jar:/Users/alializadeh/.m2/repository/io/vertx/vertx-core/4.5.11/vertx-core-4.5.11.jar:/Users/alializadeh/.m2/repository/io/netty/netty-common/4.1.115.Final/netty-common-4.1.115.Final.jar:/Users/alializadeh/.m2/repository/io/netty/netty-buffer/4.1.115.Final/netty-buffer-4.1.115.Final.jar:/Users/alializadeh/.m2/repository/io/netty/netty-transport/4.1.115.Final/netty-transport-4.1.115.Final.jar:/Users/alializadeh/.m2/repository/io/netty/netty-handler/4.1.115.Final/netty-handler-4.1.115.Final.jar:/Users/alializadeh/.m2/repository/io/netty/netty-transport-native-unix-common/4.1.115.Final/netty-transport-native-unix-common-4.1.115.Final.jar:/Users/alializadeh/.m2/repository/io/netty/netty-handler-proxy/4.1.115.Final/netty-handler-proxy-4.1.115.Final.jar:/Users/alializadeh/.m2/repository/io/netty/netty-codec-socks/4.1.115.Final/netty-codec-socks-4.1.115.Final.jar:/Users/alializadeh/.m2/repository/io/netty/netty-codec-http/4.1.115.Final/netty-codec-http-4.1.115.Final.jar:/Users/alializadeh/.m2/repository/io/netty/netty-codec-http2/4.1.115.Final/netty-codec-http2-4.1.115.Final.jar:/Users/alializadeh/.m2/repository/io/netty/netty-resolver/4.1.115.Final/netty-resolver-4.1.115.Final.jar:/Users/alializadeh/.m2/repository/io/netty/netty-resolver-dns/4.1.115.Final/netty-resolver-dns-4.1.115.Final.jar:/Users/alializadeh/.m2/repository/io/netty/netty-codec-dns/4.1.115.Final/netty-codec-dns-4.1.115.Final.jar:/Users/alializadeh/.m2/repository/com/fasterxml/jackson/core/jackson-core/2.18.1/jackson-core-2.18.1.jar:/Users/alializadeh/.m2/repository/io/quarkus/quarkus-rest-jackson/3.17.2/quarkus-rest-jackson-3.17.2.jar:/Users/alializadeh/.m2/repository/io/quarkus/quarkus-rest-jackson-common/3.17.2/quarkus-rest-jackson-common-3.17.2.jar:/Users/alializadeh/.m2/repository/io/quarkus/resteasy/reactive/resteasy-reactive-jackson/3.17.2/resteasy-reactive-jackson-3.17.2.jar:/Users/alializadeh/.m2/repository/com/fasterxml/jackson/core/jackson-databind/2.18.1/jackson-databind-2.18.1.jar:/Users/alializadeh/.m2/repository/io/quarkus/quarkus-jackson/3.17.2/quarkus-jackson-3.17.2.jar:/Users/alializadeh/.m2/repository/com/fasterxml/jackson/datatype/jackson-datatype-jdk8/2.18.1/jackson-datatype-jdk8-2.18.1.jar:/Users/alializadeh/.m2/repository/com/fasterxml/jackson/module/jackson-module-parameter-names/2.18.1/jackson-module-parameter-names-2.18.1.jar:/Users/alializadeh/.m2/repository/io/quarkus/quarkus-oidc/3.17.2/quarkus-oidc-3.17.2.jar:/Users/alializadeh/.m2/repository/io/quarkus/quarkus-core/3.17.2/quarkus-core-3.17.2.jar:/Users/alializadeh/.m2/repository/jakarta/inject/jakarta.inject-api/2.0.1/jakarta.inject-api-2.0.1.jar:/Users/alializadeh/.m2/repository/io/smallrye/common/smallrye-common-os/2.8.0/smallrye-common-os-2.8.0.jar:/Users/alializadeh/.m2/repository/io/quarkus/quarkus-ide-launcher/3.17.2/quarkus-ide-launcher-3.17.2.jar:/Users/alializadeh/.m2/repository/io/quarkus/quarkus-development-mode-spi/3.17.2/quarkus-development-mode-spi-3.17.2.jar:/Users/alializadeh/.m2/repository/io/smallrye/config/smallrye-config/3.10.1/smallrye-config-3.10.1.jar:/Users/alializadeh/.m2/repository/io/smallrye/config/smallrye-config-core/3.10.1/smallrye-config-core-3.10.1.jar:/Users/alializadeh/.m2/repository/io/smallrye/common/smallrye-common-classloader/2.8.0/smallrye-common-classloader-2.8.0.jar:/Users/alializadeh/.m2/repository/io/smallrye/config/smallrye-config-common/3.10.1/smallrye-config-common-3.10.1.jar:/Users/alializadeh/.m2/repository/org/jboss/logmanager/jboss-logmanager/3.1.0.Final/jboss-logmanager-3.1.0.Final.jar:/Users/alializadeh/.m2/repository/io/smallrye/common/smallrye-common-cpu/2.8.0/smallrye-common-cpu-2.8.0.jar:/Users/alializadeh/.m2/repository/io/smallrye/common/smallrye-common-expression/2.8.0/smallrye-common-expression-2.8.0.jar:/Users/alializadeh/.m2/repository/io/smallrye/common/smallrye-common-net/2.8.0/smallrye-common-net-2.8.0.jar:/Users/alializadeh/.m2/repository/io/smallrye/common/smallrye-common-ref/2.8.0/smallrye-common-ref-2.8.0.jar:/Users/alializadeh/.m2/repository/org/jboss/logging/jboss-logging-annotations/3.0.2.Final/jboss-logging-annotations-3.0.2.Final.jar:/Users/alializadeh/.m2/repository/org/jboss/threads/jboss-threads/3.8.0.Final/jboss-threads-3.8.0.Final.jar:/Users/alializadeh/.m2/repository/io/smallrye/common/smallrye-common-function/2.8.0/smallrye-common-function-2.8.0.jar:/Users/alializadeh/.m2/repository/org/slf4j/slf4j-api/2.0.6/slf4j-api-2.0.6.jar:/Users/alializadeh/.m2/repository/org/jboss/slf4j/slf4j-jboss-logmanager/2.0.0.Final/slf4j-jboss-logmanager-2.0.0.Final.jar:/Users/alializadeh/.m2/repository/org/wildfly/common/wildfly-common/1.7.0.Final/wildfly-common-1.7.0.Final.jar:/Users/alializadeh/.m2/repository/io/quarkus/quarkus-bootstrap-runner/3.17.2/quarkus-bootstrap-runner-3.17.2.jar:/Users/alializadeh/.m2/repository/io/quarkus/quarkus-fs-util/0.0.10/quarkus-fs-util-0.0.10.jar:/Users/alializadeh/.m2/repository/io/quarkus/quarkus-vertx/3.17.2/quarkus-vertx-3.17.2.jar:/Users/alializadeh/.m2/repository/io/quarkus/quarkus-netty/3.17.2/quarkus-netty-3.17.2.jar:/Users/alializadeh/.m2/repository/io/netty/netty-codec/4.1.115.Final/netty-codec-4.1.115.Final.jar:/Users/alializadeh/.m2/repository/io/netty/netty-codec-haproxy/4.1.115.Final/netty-codec-haproxy-4.1.115.Final.jar:/Users/alializadeh/.m2/repository/io/smallrye/common/smallrye-common-annotation/2.8.0/smallrye-common-annotation-2.8.0.jar:/Users/alializadeh/.m2/repository/io/quarkus/quarkus-vertx-latebound-mdc-provider/3.17.2/quarkus-vertx-latebound-mdc-provider-3.17.2.jar:/Users/alializadeh/.m2/repository/io/smallrye/smallrye-fault-tolerance-vertx/6.6.3/smallrye-fault-tolerance-vertx-6.6.3.jar:/Users/alializadeh/.m2/repository/io/quarkus/quarkus-security/3.17.2/quarkus-security-3.17.2.jar:/Users/alializadeh/.m2/repository/jakarta/interceptor/jakarta.interceptor-api/2.2.0/jakarta.interceptor-api-2.2.0.jar:/Users/alializadeh/.m2/repository/io/quarkus/quarkus-oidc-common/3.17.2/quarkus-oidc-common-3.17.2.jar:/Users/alializadeh/.m2/repository/io/smallrye/reactive/smallrye-mutiny-vertx-web-client/3.16.0/smallrye-mutiny-vertx-web-client-3.16.0.jar:/Users/alializadeh/.m2/repository/io/vertx/vertx-web-client/4.5.11/vertx-web-client-4.5.11.jar:/Users/alializadeh/.m2/repository/io/quarkus/quarkus-smallrye-jwt-build/3.17.2/quarkus-smallrye-jwt-build-3.17.2.jar:/Users/alializadeh/.m2/repository/io/smallrye/smallrye-jwt-build/4.6.1/smallrye-jwt-build-4.6.1.jar:/Users/alializadeh/.m2/repository/io/smallrye/smallrye-jwt/4.6.1/smallrye-jwt-4.6.1.jar:/Users/alializadeh/.m2/repository/org/eclipse/microprofile/config/microprofile-config-api/3.1/microprofile-config-api-3.1.jar:/Users/alializadeh/.m2/repository/org/eclipse/microprofile/jwt/microprofile-jwt-auth-api/2.1/microprofile-jwt-auth-api-2.1.jar:/Users/alializadeh/.m2/repository/org/bitbucket/b_c/jose4j/0.9.6/jose4j-0.9.6.jar:/Users/alializadeh/.m2/repository/io/smallrye/smallrye-jwt-common/4.6.1/smallrye-jwt-common-4.6.1.jar:/Users/alializadeh/.m2/repository/jakarta/annotation/jakarta.annotation-api/3.0.0/jakarta.annotation-api-3.0.0.jar:/Users/alializadeh/.m2/repository/io/quarkus/quarkus-hibernate-orm-panache/3.17.2/quarkus-hibernate-orm-panache-3.17.2.jar:/Users/alializadeh/.m2/repository/io/quarkus/quarkus-hibernate-orm-panache-common/3.17.2/quarkus-hibernate-orm-panache-common-3.17.2.jar:/Users/alializadeh/.m2/repository/io/quarkus/quarkus-panache-hibernate-common/3.17.2/quarkus-panache-hibernate-common-3.17.2.jar:/Users/alializadeh/.m2/repository/io/quarkus/quarkus-panache-common/3.17.2/quarkus-panache-common-3.17.2.jar:/Users/alializadeh/.m2/repository/io/quarkus/quarkus-jdbc-postgresql/3.17.2/quarkus-jdbc-postgresql-3.17.2.jar:/Users/alializadeh/.m2/repository/io/quarkus/quarkus-agroal/3.17.2/quarkus-agroal-3.17.2.jar:/Users/alializadeh/.m2/repository/io/quarkus/quarkus-datasource/3.17.2/quarkus-datasource-3.17.2.jar:/Users/alializadeh/.m2/repository/io/agroal/agroal-api/2.5/agroal-api-2.5.jar:/Users/alializadeh/.m2/repository/io/agroal/agroal-narayana/2.5/agroal-narayana-2.5.jar:/Users/alializadeh/.m2/repository/org/jboss/jboss-transaction-spi/8.0.0.Final/jboss-transaction-spi-8.0.0.Final.jar:/Users/alializadeh/.m2/repository/io/agroal/agroal-pool/2.5/agroal-pool-2.5.jar:/Users/alializadeh/.m2/repository/org/postgresql/postgresql/42.7.4/postgresql-42.7.4.jar:/Users/alializadeh/.m2/repository/io/quarkus/quarkus-arc/3.17.2/quarkus-arc-3.17.2.jar:/Users/alializadeh/.m2/repository/io/quarkus/arc/arc/3.17.2/arc-3.17.2.jar:/Users/alializadeh/.m2/repository/io/smallrye/reactive/mutiny/2.6.2/mutiny-2.6.2.jar:/Users/alializadeh/.m2/repository/org/jctools/jctools-core/4.0.5/jctools-core-4.0.5.jar:/Users/alializadeh/.m2/repository/org/eclipse/microprofile/context-propagation/microprofile-context-propagation-api/1.3/microprofile-context-propagation-api-1.3.jar:/Users/alializadeh/.m2/repository/io/quarkus/quarkus-hibernate-orm/3.17.2/quarkus-hibernate-orm-3.17.2.jar:/Users/alializadeh/.m2/repository/io/quarkus/quarkus-narayana-jta/3.17.2/quarkus-narayana-jta-3.17.2.jar:/Users/alializadeh/.m2/repository/io/quarkus/quarkus-transaction-annotations/3.17.2/quarkus-transaction-annotations-3.17.2.jar:/Users/alializadeh/.m2/repository/io/smallrye/smallrye-context-propagation-jta/2.1.2/smallrye-context-propagation-jta-2.1.2.jar:/Users/alializadeh/.m2/repository/io/smallrye/reactive/smallrye-reactive-converter-api/3.0.1/smallrye-reactive-converter-api-3.0.1.jar:/Users/alializadeh/.m2/repository/io/smallrye/reactive/smallrye-reactive-converter-mutiny/3.0.1/smallrye-reactive-converter-mutiny-3.0.1.jar:/Users/alializadeh/.m2/repository/io/smallrye/reactive/mutiny-zero-flow-adapters/1.1.0/mutiny-zero-flow-adapters-1.1.0.jar:/Users/alializadeh/.m2/repository/org/jboss/narayana/jta/narayana-jta/7.1.0.Final/narayana-jta-7.1.0.Final.jar:/Users/alializadeh/.m2/repository/jakarta/resource/jakarta.resource-api/2.1.0/jakarta.resource-api-2.1.0.jar:/Users/alializadeh/.m2/repository/org/jboss/invocation/jboss-invocation/2.0.0.Final/jboss-invocation-2.0.0.Final.jar:/Users/alializadeh/.m2/repository/org/eclipse/microprofile/reactive-streams-operators/microprofile-reactive-streams-operators-api/3.0.1/microprofile-reactive-streams-operators-api-3.0.1.jar:/Users/alializadeh/.m2/repository/org/jboss/narayana/jts/narayana-jts-integration/7.1.0.Final/narayana-jts-integration-7.1.0.Final.jar:/Users/alializadeh/.m2/repository/org/hibernate/orm/hibernate-core/6.6.3.Final/hibernate-core-6.6.3.Final.jar:/Users/alializadeh/.m2/repository/com/fasterxml/classmate/1.7.0/classmate-1.7.0.jar:/Users/alializadeh/.m2/repository/org/antlr/antlr4-runtime/4.13.0/antlr4-runtime-4.13.0.jar:/Users/alializadeh/.m2/repository/net/bytebuddy/byte-buddy/1.14.18/byte-buddy-1.14.18.jar:/Users/alializadeh/.m2/repository/org/hibernate/common/hibernate-commons-annotations/7.0.3.Final/hibernate-commons-annotations-7.0.3.Final.jar:/Users/alializadeh/.m2/repository/org/hibernate/orm/hibernate-graalvm/6.6.3.Final/hibernate-graalvm-6.6.3.Final.jar:/Users/alializadeh/.m2/repository/org/glassfish/jaxb/jaxb-runtime/4.0.5/jaxb-runtime-4.0.5.jar:/Users/alializadeh/.m2/repository/org/glassfish/jaxb/jaxb-core/4.0.5/jaxb-core-4.0.5.jar:/Users/alializadeh/.m2/repository/org/eclipse/angus/angus-activation/2.0.2/angus-activation-2.0.2.jar:/Users/alializadeh/.m2/repository/org/glassfish/jaxb/txw2/4.0.5/txw2-4.0.5.jar:/Users/alializadeh/.m2/repository/com/sun/istack/istack-commons-runtime/4.1.2/istack-commons-runtime-4.1.2.jar:/Users/alializadeh/.m2/repository/jakarta/xml/bind/jakarta.xml.bind-api/4.0.2/jakarta.xml.bind-api-4.0.2.jar:/Users/alializadeh/.m2/repository/jakarta/activation/jakarta.activation-api/2.1.3/jakarta.activation-api-2.1.3.jar:/Users/alializadeh/.m2/repository/jakarta/persistence/jakarta.persistence-api/3.1.0/jakarta.persistence-api-3.1.0.jar:/Users/alializadeh/.m2/repository/jakarta/transaction/jakarta.transaction-api/2.0.1/jakarta.transaction-api-2.0.1.jar:/Users/alializadeh/.m2/repository/org/hibernate/quarkus-local-cache/0.3.0/quarkus-local-cache-0.3.0.jar:/Users/alializadeh/.m2/repository/io/quarkus/quarkus-caffeine/3.17.2/quarkus-caffeine-3.17.2.jar:/Users/alializadeh/.m2/repository/com/github/ben-manes/caffeine/caffeine/3.1.8/caffeine-3.1.8.jar:/Users/alializadeh/.m2/repository/com/google/errorprone/error_prone_annotations/2.35.1/error_prone_annotations-2.35.1.jar:/Users/alializadeh/.m2/repository/io/quarkus/quarkus-flyway/3.17.2/quarkus-flyway-3.17.2.jar:/Users/alializadeh/.m2/repository/org/flywaydb/flyway-core/10.21.0/flyway-core-10.21.0.jar:/Users/alializadeh/.m2/repository/com/fasterxml/jackson/dataformat/jackson-dataformat-toml/2.18.1/jackson-dataformat-toml-2.18.1.jar:/Users/alializadeh/.m2/repository/com/fasterxml/jackson/datatype/jackson-datatype-jsr310/2.18.1/jackson-datatype-jsr310-2.18.1.jar:/Users/alializadeh/.m2/repository/com/fasterxml/jackson/core/jackson-annotations/2.18.1/jackson-annotations-2.18.1.jar:/Users/alializadeh/.m2/repository/io/quarkus/quarkus-datasource-common/3.17.2/quarkus-datasource-common-3.17.2.jar:/Users/alializadeh/.m2/repository/org/projectlombok/lombok/1.18.34/lombok-1.18.34.jar:/Users/alializadeh/.m2/repository/io/quarkus/quarkus-junit5/3.17.2/quarkus-junit5-3.17.2.jar:/Users/alializadeh/.m2/repository/io/quarkus/quarkus-bootstrap-core/3.17.2/quarkus-bootstrap-core-3.17.2.jar:/Users/alializadeh/.m2/repository/io/quarkus/quarkus-classloader-commons/3.17.2/quarkus-classloader-commons-3.17.2.jar:/Users/alializadeh/.m2/repository/io/quarkus/quarkus-bootstrap-app-model/3.17.2/quarkus-bootstrap-app-model-3.17.2.jar:/Users/alializadeh/.m2/repository/io/smallrye/common/smallrye-common-io/2.8.0/smallrye-common-io-2.8.0.jar:/Users/alializadeh/.m2/repository/org/eclipse/sisu/org.eclipse.sisu.inject/0.9.0.M3/org.eclipse.sisu.inject-0.9.0.M3.jar:/Users/alializadeh/.m2/repository/io/quarkus/quarkus-test-common/3.17.2/quarkus-test-common-3.17.2.jar:/Users/alializadeh/.m2/repository/io/quarkus/quarkus-core-deployment/3.17.2/quarkus-core-deployment-3.17.2.jar:/Users/alializadeh/.m2/repository/org/aesh/readline/2.6/readline-2.6.jar:/Users/alializadeh/.m2/repository/org/fusesource/jansi/jansi/2.4.0/jansi-2.4.0.jar:/Users/alializadeh/.m2/repository/org/aesh/aesh/2.8.2/aesh-2.8.2.jar:/Users/alializadeh/.m2/repository/io/quarkus/gizmo/gizmo/1.8.0/gizmo-1.8.0.jar:/Users/alializadeh/.m2/repository/org/ow2/asm/asm-util/9.7.1/asm-util-9.7.1.jar:/Users/alializadeh/.m2/repository/org/ow2/asm/asm-analysis/9.7.1/asm-analysis-9.7.1.jar:/Users/alializadeh/.m2/repository/org/ow2/asm/asm/9.7.1/asm-9.7.1.jar:/Users/alializadeh/.m2/repository/org/ow2/asm/asm-commons/9.7.1/asm-commons-9.7.1.jar:/Users/alializadeh/.m2/repository/org/ow2/asm/asm-tree/9.7.1/asm-tree-9.7.1.jar:/Users/alializadeh/.m2/repository/io/quarkus/quarkus-hibernate-validator-spi/3.17.2/quarkus-hibernate-validator-spi-3.17.2.jar:/Users/alializadeh/.m2/repository/io/quarkus/quarkus-class-change-agent/3.17.2/quarkus-class-change-agent-3.17.2.jar:/Users/alializadeh/.m2/repository/io/quarkus/quarkus-devtools-utilities/3.17.2/quarkus-devtools-utilities-3.17.2.jar:/Users/alializadeh/.m2/repository/io/quarkus/quarkus-builder/3.17.2/quarkus-builder-3.17.2.jar:/Users/alializadeh/.m2/repository/org/graalvm/sdk/nativeimage/23.1.2/nativeimage-23.1.2.jar:/Users/alializadeh/.m2/repository/org/graalvm/sdk/word/23.1.2/word-23.1.2.jar:/Users/alializadeh/.m2/repository/org/junit/platform/junit-platform-launcher/1.10.5/junit-platform-launcher-1.10.5.jar:/Users/alializadeh/.m2/repository/io/quarkus/quarkus-bootstrap-maven-resolver/3.17.2/quarkus-bootstrap-maven-resolver-3.17.2.jar:/Users/alializadeh/.m2/repository/io/smallrye/beanbag/smallrye-beanbag-maven/1.5.2/smallrye-beanbag-maven-1.5.2.jar:/Users/alializadeh/.m2/repository/io/smallrye/beanbag/smallrye-beanbag-sisu/1.5.2/smallrye-beanbag-sisu-1.5.2.jar:/Users/alializadeh/.m2/repository/io/smallrye/beanbag/smallrye-beanbag/1.5.2/smallrye-beanbag-1.5.2.jar:/Users/alializadeh/.m2/repository/javax/inject/javax.inject/1/javax.inject-1.jar:/Users/alializadeh/.m2/repository/org/apache/maven/maven-artifact/3.9.9/maven-artifact-3.9.9.jar:/Users/alializadeh/.m2/repository/org/apache/maven/maven-builder-support/3.9.9/maven-builder-support-3.9.9.jar:/Users/alializadeh/.m2/repository/org/apache/maven/maven-model/3.9.9/maven-model-3.9.9.jar:/Users/alializadeh/.m2/repository/org/apache/maven/maven-model-builder/3.9.9/maven-model-builder-3.9.9.jar:/Users/alializadeh/.m2/repository/org/apache/maven/maven-repository-metadata/3.9.9/maven-repository-metadata-3.9.9.jar:/Users/alializadeh/.m2/repository/org/apache/maven/maven-settings/3.9.9/maven-settings-3.9.9.jar:/Users/alializadeh/.m2/repository/org/apache/maven/resolver/maven-resolver-api/1.9.22/maven-resolver-api-1.9.22.jar:/Users/alializadeh/.m2/repository/org/apache/maven/resolver/maven-resolver-impl/1.9.22/maven-resolver-impl-1.9.22.jar:/Users/alializadeh/.m2/repository/org/apache/maven/resolver/maven-resolver-named-locks/1.9.22/maven-resolver-named-locks-1.9.22.jar:/Users/alializadeh/.m2/repository/org/apache/maven/resolver/maven-resolver-spi/1.9.22/maven-resolver-spi-1.9.22.jar:/Users/alializadeh/.m2/repository/org/apache/maven/resolver/maven-resolver-util/1.9.22/maven-resolver-util-1.9.22.jar:/Users/alializadeh/.m2/repository/org/apache/maven/resolver/maven-resolver-transport-http/1.9.20/maven-resolver-transport-http-1.9.20.jar:/Users/alializadeh/.m2/repository/org/apache/maven/wagon/wagon-provider-api/3.5.3/wagon-provider-api-3.5.3.jar:/Users/alializadeh/.m2/repository/org/apache/maven/wagon/wagon-http-shared/3.5.3/wagon-http-shared-3.5.3.jar:/Users/alializadeh/.m2/repository/org/codehaus/plexus/plexus-interpolation/1.26/plexus-interpolation-1.26.jar:/Users/alializadeh/.m2/repository/org/codehaus/plexus/plexus-utils/3.5.1/plexus-utils-3.5.1.jar:/Users/alializadeh/.m2/repository/org/codehaus/plexus/plexus-xml/4.0.1/plexus-xml-4.0.1.jar:/Users/alializadeh/.m2/repository/org/apache/maven/maven-xml-impl/4.0.0-alpha-5/maven-xml-impl-4.0.0-alpha-5.jar:/Users/alializadeh/.m2/repository/org/apache/maven/maven-api-xml/4.0.0-alpha-5/maven-api-xml-4.0.0-alpha-5.jar:/Users/alializadeh/.m2/repository/org/apache/maven/maven-api-meta/4.0.0-alpha-5/maven-api-meta-4.0.0-alpha-5.jar:/Users/alializadeh/.m2/repository/org/codehaus/plexus/plexus-cipher/2.0/plexus-cipher-2.0.jar:/Users/alializadeh/.m2/repository/org/codehaus/plexus/plexus-sec-dispatcher/2.0/plexus-sec-dispatcher-2.0.jar:/Users/alializadeh/.m2/repository/org/apache/maven/maven-embedder/3.9.9/maven-embedder-3.9.9.jar:/Users/alializadeh/.m2/repository/org/apache/maven/maven-core/3.9.9/maven-core-3.9.9.jar:/Users/alializadeh/.m2/repository/org/codehaus/plexus/plexus-component-annotations/2.1.0/plexus-component-annotations-2.1.0.jar:/Users/alializadeh/.m2/repository/org/apache/maven/maven-plugin-api/3.9.9/maven-plugin-api-3.9.9.jar:/Users/alializadeh/.m2/repository/org/apache/maven/shared/maven-shared-utils/3.4.2/maven-shared-utils-3.4.2.jar:/Users/alializadeh/.m2/repository/com/google/inject/guice/5.1.0/guice-5.1.0.jar:/Users/alializadeh/.m2/repository/aopalliance/aopalliance/1.0/aopalliance-1.0.jar:/Users/alializadeh/.m2/repository/com/google/guava/guava/33.3.1-jre/guava-33.3.1-jre.jar:/Users/alializadeh/.m2/repository/com/google/guava/failureaccess/1.0.1/failureaccess-1.0.1.jar:/Users/alializadeh/.m2/repository/javax/annotation/javax.annotation-api/1.3.2/javax.annotation-api-1.3.2.jar:/Users/alializadeh/.m2/repository/org/codehaus/plexus/plexus-classworlds/2.6.0/plexus-classworlds-2.6.0.jar:/Users/alializadeh/.m2/repository/commons-cli/commons-cli/1.8.0/commons-cli-1.8.0.jar:/Users/alializadeh/.m2/repository/org/eclipse/sisu/org.eclipse.sisu.plexus/0.9.0.M3/org.eclipse.sisu.plexus-0.9.0.M3.jar:/Users/alializadeh/.m2/repository/org/apache/maven/maven-settings-builder/3.9.9/maven-settings-builder-3.9.9.jar:/Users/alializadeh/.m2/repository/org/apache/maven/maven-resolver-provider/3.9.9/maven-resolver-provider-3.9.9.jar:/Users/alializadeh/.m2/repository/org/apache/maven/resolver/maven-resolver-connector-basic/1.9.22/maven-resolver-connector-basic-1.9.22.jar:/Users/alializadeh/.m2/repository/org/apache/maven/resolver/maven-resolver-transport-wagon/1.9.22/maven-resolver-transport-wagon-1.9.22.jar:/Users/alializadeh/.m2/repository/org/apache/maven/wagon/wagon-http/3.5.3/wagon-http-3.5.3.jar:/Users/alializadeh/.m2/repository/org/apache/maven/wagon/wagon-file/3.5.3/wagon-file-3.5.3.jar:/Users/alializadeh/.m2/repository/io/quarkus/quarkus-bootstrap-gradle-resolver/3.17.2/quarkus-bootstrap-gradle-resolver-3.17.2.jar:/Users/alializadeh/.m2/repository/io/smallrye/jandex/3.2.3/jandex-3.2.3.jar:/Users/alializadeh/.m2/repository/commons-io/commons-io/2.17.0/commons-io-2.17.0.jar:/Users/alializadeh/.m2/repository/io/quarkus/quarkus-junit5-properties/3.17.2/quarkus-junit5-properties-3.17.2.jar:/Users/alializadeh/.m2/repository/org/junit/jupiter/junit-jupiter/5.10.5/junit-jupiter-5.10.5.jar:/Users/alializadeh/.m2/repository/org/junit/jupiter/junit-jupiter-api/5.10.5/junit-jupiter-api-5.10.5.jar:/Users/alializadeh/.m2/repository/org/opentest4j/opentest4j/1.3.0/opentest4j-1.3.0.jar:/Users/alializadeh/.m2/repository/org/junit/platform/junit-platform-commons/1.10.5/junit-platform-commons-1.10.5.jar:/Users/alializadeh/.m2/repository/org/apiguardian/apiguardian-api/1.1.2/apiguardian-api-1.1.2.jar:/Users/alializadeh/.m2/repository/org/junit/jupiter/junit-jupiter-params/5.10.5/junit-jupiter-params-5.10.5.jar:/Users/alializadeh/.m2/repository/org/junit/jupiter/junit-jupiter-engine/5.10.5/junit-jupiter-engine-5.10.5.jar:/Users/alializadeh/.m2/repository/org/junit/platform/junit-platform-engine/1.10.5/junit-platform-engine-1.10.5.jar:/Users/alializadeh/.m2/repository/org/jboss/marshalling/jboss-marshalling/2.2.1.Final/jboss-marshalling-2.2.1.Final.jar:/Users/alializadeh/.m2/repository/io/rest-assured/rest-assured/5.5.0/rest-assured-5.5.0.jar:/Users/alializadeh/.m2/repository/org/apache/groovy/groovy/4.0.22/groovy-4.0.22.jar:/Users/alializadeh/.m2/repository/org/apache/groovy/groovy-xml/4.0.22/groovy-xml-4.0.22.jar:/Users/alializadeh/.m2/repository/org/apache/httpcomponents/httpclient/4.5.14/httpclient-4.5.14.jar:/Users/alializadeh/.m2/repository/org/apache/httpcomponents/httpcore/4.4.16/httpcore-4.4.16.jar:/Users/alializadeh/.m2/repository/commons-codec/commons-codec/1.17.1/commons-codec-1.17.1.jar:/Users/alializadeh/.m2/repository/org/apache/httpcomponents/httpmime/4.5.14/httpmime-4.5.14.jar:/Users/alializadeh/.m2/repository/org/hamcrest/hamcrest/2.2/hamcrest-2.2.jar:/Users/alializadeh/.m2/repository/org/ccil/cowan/tagsoup/tagsoup/1.2.1/tagsoup-1.2.1.jar:/Users/alializadeh/.m2/repository/io/rest-assured/json-path/5.5.0/json-path-5.5.0.jar:/Users/alializadeh/.m2/repository/org/apache/groovy/groovy-json/4.0.22/groovy-json-4.0.22.jar:/Users/alializadeh/.m2/repository/io/rest-assured/rest-assured-common/5.5.0/rest-assured-common-5.5.0.jar:/Users/alializadeh/.m2/repository/io/rest-assured/xml-path/5.5.0/xml-path-5.5.0.jar:/Users/alializadeh/.m2/repository/org/apache/commons/commons-lang3/3.17.0/commons-lang3-3.17.0.jar:"/>
    <property name="sun.cpu.endian" value="little"/>
    <property name="user.home" value="/Users/alializadeh"/>
    <property name="user.language" value="de"/>
    <property name="jboss.log-version" value="false"/>
    <property name="java.specification.vendor" value="Oracle Corporation"/>
    <property name="io.netty.allocator.maxOrder" value="3"/>
    <property name="java.version.date" value="2024-10-15"/>
    <property name="java.home" value="/opt/homebrew/Cellar/openjdk@21/21.0.5/libexec/openjdk.jdk/Contents/Home"/>
    <property name="file.separator" value="/"/>
    <property name="basedir" value="/Users/alializadeh/repository/quiz-app/quizz-app-be"/>
    <property name="java.vm.compressedOopsMode" value="Zero based"/>
    <property name="line.separator" value="&#10;"/>
    <property name="java.vm.specification.vendor" value="Oracle Corporation"/>
    <property name="java.specification.name" value="Java Platform API Specification"/>
    <property name="apple.awt.application.name" value="ForkedBooter"/>
    <property name="surefire.real.class.path" value="/Users/alializadeh/repository/quiz-app/quizz-app-be/target/surefire/surefirebooter-20250115172533674_3.jar"/>
    <property name="polyglot.engine.WarnInterpreterOnly" value="false"/>
    <property name="sun.management.compiler" value="HotSpot 64-Bit Tiered Compilers"/>
    <property name="ftp.nonProxyHosts" value="local|*.local|169.254/16|*.169.254/16"/>
    <property name="java.runtime.version" value="21.0.5"/>
    <property name="user.name" value="alializadeh"/>
    <property name="stdout.encoding" value="UTF-8"/>
    <property name="path.separator" value=":"/>
    <property name="os.version" value="15.1"/>
    <property name="java.runtime.name" value="OpenJDK Runtime Environment"/>
    <property name="file.encoding" value="UTF-8"/>
    <property name="java.vm.name" value="OpenJDK 64-Bit Server VM"/>
    <property name="java.vendor.version" value="Homebrew"/>
    <property name="localRepository" value="/Users/alializadeh/.m2/repository"/>
    <property name="java.vendor.url.bug" value="https://github.com/Homebrew/homebrew-core/issues"/>
    <property name="java.io.tmpdir" value="/var/folders/p0/_nkzhy_j29j7v8pdv3yhv_wm0000gn/T/"/>
    <property name="quarkus.log.file.path" value="target/quarkus.log"/>
    <property name="idea.version" value="2024.2.5"/>
    <property name="java.version" value="21.0.5"/>
    <property name="java.util.concurrent.ForkJoinPool.common.threadFactory" value="io.quarkus.bootstrap.forkjoin.QuarkusForkJoinWorkerThreadFactory"/>
    <property name="user.dir" value="/Users/alializadeh/repository/quiz-app/quizz-app-be"/>
    <property name="os.arch" value="aarch64"/>
    <property name="java.vm.specification.name" value="Java Virtual Machine Specification"/>
    <property name="vertx.disableDnsResolver" value="true"/>
    <property name="native.encoding" value="UTF-8"/>
    <property name="java.util.logging.manager" value="org.jboss.logmanager.LogManager"/>
    <property name="java.library.path" value="/Users/alializadeh/Library/Java/Extensions:/Library/Java/Extensions:/Network/Library/Java/Extensions:/System/Library/Java/Extensions:/usr/lib/java:."/>
    <property name="java.vm.info" value="mixed mode, sharing"/>
    <property name="stderr.encoding" value="UTF-8"/>
    <property name="java.vendor" value="Homebrew"/>
    <property name="vertx.disableTCCL" value="true"/>
    <property name="java.vm.version" value="21.0.5"/>
    <property name="sun.io.unicode.encoding" value="UnicodeBig"/>
    <property name="io.netty.machineId" value="ae:03:0a:be:6f:bd:2e:c0"/>
    <property name="socksNonProxyHosts" value="local|*.local|169.254/16|*.169.254/16"/>
    <property name="java.class.version" value="65.0"/>
  </properties>
  <testcase name="testHelloEndpoint" classname="org.iu.quiz.GreetingResourceTest" time="0.002">
    <error message="java.lang.RuntimeException: Failed to start quarkus" type="java.lang.RuntimeException"><![CDATA[java.lang.RuntimeException: java.lang.RuntimeException: Failed to start quarkus
	at io.quarkus.test.junit.QuarkusTestExtension.throwBootFailureException(QuarkusTestExtension.java:628)
	at io.quarkus.test.junit.QuarkusTestExtension.interceptTestClassConstructor(QuarkusTestExtension.java:712)
	at java.base/java.util.Optional.orElseGet(Optional.java:364)
	at java.base/java.util.ArrayList.forEach(ArrayList.java:1596)
	at java.base/java.util.ArrayList.forEach(ArrayList.java:1596)
Caused by: java.lang.RuntimeException: Failed to start quarkus
	at io.quarkus.runner.ApplicationImpl.doStart(Unknown Source)
	at io.quarkus.runtime.Application.start(Application.java:101)
	at java.base/java.lang.reflect.Method.invoke(Method.java:580)
	at io.quarkus.runner.bootstrap.StartupActionImpl.run(StartupActionImpl.java:305)
	at io.quarkus.test.junit.QuarkusTestExtension.doJavaStart(QuarkusTestExtension.java:241)
	at io.quarkus.test.junit.QuarkusTestExtension.ensureStarted(QuarkusTestExtension.java:595)
	at io.quarkus.test.junit.QuarkusTestExtension.beforeAll(QuarkusTestExtension.java:645)
	... 1 more
Caused by: org.flywaydb.core.api.exception.FlywayValidateException: Validate failed: Migrations have failed validation
Migration checksum mismatch for migration version 2
-> Applied to database : 233495880
-> Resolved locally    : -1570443833
Either revert the changes to the migration, or run repair to update the schema history.
Need more flexibility with validation rules? Learn more: https://rd.gt/3AbJUZE
	at org.flywaydb.core.Flyway.lambda$migrate$1(Flyway.java:190)
	at org.flywaydb.core.FlywayExecutor.execute(FlywayExecutor.java:213)
	at org.flywaydb.core.Flyway.migrate(Flyway.java:177)
	at io.quarkus.flyway.runtime.FlywayRecorder.doStartActions(FlywayRecorder.java:142)
	at io.quarkus.deployment.steps.FlywayProcessor$startActions2099152139.deploy_0(Unknown Source)
	at io.quarkus.deployment.steps.FlywayProcessor$startActions2099152139.deploy(Unknown Source)
	... 8 more
]]></error>
    <system-out><![CDATA[2025-01-15 17:25:36,357 WARN  [io.qua.config] (main) Unrecognized configuration key "quarkus.oidc.credentials-secret" was provided; it will be ignored; verify that the dependency extension for this configuration is set or that you did not make a typo
2025-01-15 17:25:37,903 INFO  [org.fly.cor.FlywayExecutor] (main) Database: jdbc:postgresql://localhost:5432/postgres?currentSchema\=quizapp (PostgreSQL 17.2)
]]></system-out>
  </testcase>
</testsuite>